2025-03-18 21:21:06,559 - GradientBoostingClassifier_training - INFO - Starting 5-fold cross validation for GradientBoostingClassifier
2025-03-18 21:21:06,559 - GradientBoostingClassifier_training - INFO - Data shape - X: (35969, 10), y: 35969
2025-03-18 21:21:06,562 - GradientBoostingClassifier_training - INFO - Starting fold 1/5
2025-03-18 21:21:06,572 - GradientBoostingClassifier_training - INFO - Fold 1 - Training set: 23020, Validation set: 5755, Test set: 7194
2025-03-18 21:22:11,865 - GradientBoostingClassifier_training - INFO - Fold 1 - Model training completed
2025-03-18 21:22:12,026 - GradientBoostingClassifier_training - INFO - [Validation] Fold 1 - accuracy: 0.7764, precision: 0.7722, recall: 0.7764, f1: 0.7735, auc: 0.9766
2025-03-18 21:22:12,198 - GradientBoostingClassifier_training - INFO - [Test] Fold 1 - accuracy: 0.7731, precision: 0.7697, recall: 0.7731, f1: 0.7710, auc: 0.9766
2025-03-18 21:22:12,275 - GradientBoostingClassifier_training - INFO - Classification Report:
              precision    recall  f1-score   support

           0       0.64      0.63      0.63       916
           1       0.81      0.76      0.78       336
           2       0.61      0.63      0.62       605
           3       0.62      0.63      0.62       370
           4       0.56      0.47      0.51       420
           5       0.57      0.53      0.55       391
           6       0.96      0.99      0.97       593
           7       0.85      0.91      0.88       587
           8       0.92      0.92      0.92       592
           9       0.87      0.90      0.89       595
          10       0.82      0.84      0.83       591
          11       0.83      0.85      0.84       600
          12       0.86      0.84      0.85       598

    accuracy                           0.77      7194
   macro avg       0.76      0.76      0.76      7194
weighted avg       0.77      0.77      0.77      7194

2025-03-18 21:22:12,662 - GradientBoostingClassifier_training - INFO - Confusion matrix saved to logs/GradientBoostingClassifier_20250318_212106_confusion_matrix1.png
2025-03-18 21:22:12,664 - GradientBoostingClassifier_training - INFO - Starting fold 2/5
2025-03-18 21:22:12,671 - GradientBoostingClassifier_training - INFO - Fold 2 - Training set: 23020, Validation set: 5755, Test set: 7194
2025-03-18 21:23:17,842 - GradientBoostingClassifier_training - INFO - Fold 2 - Model training completed
2025-03-18 21:23:18,016 - GradientBoostingClassifier_training - INFO - [Validation] Fold 2 - accuracy: 0.7679, precision: 0.7654, recall: 0.7679, f1: 0.7656, auc: 0.9750
2025-03-18 21:23:18,205 - GradientBoostingClassifier_training - INFO - [Test] Fold 2 - accuracy: 0.7777, precision: 0.7743, recall: 0.7777, f1: 0.7752, auc: 0.9764
2025-03-18 21:23:18,294 - GradientBoostingClassifier_training - INFO - Classification Report:
              precision    recall  f1-score   support

           0       0.62      0.66      0.64       916
           1       0.76      0.73      0.74       336
           2       0.63      0.63      0.63       606
           3       0.61      0.56      0.58       370
           4       0.55      0.50      0.53       419
           5       0.59      0.49      0.53       391
           6       0.98      0.98      0.98       593
           7       0.85      0.93      0.88       587
           8       0.91      0.93      0.92       592
           9       0.86      0.92      0.89       595
          10       0.88      0.86      0.87       591
          11       0.84      0.86      0.85       600
          12       0.87      0.83      0.85       598

    accuracy                           0.78      7194
   macro avg       0.77      0.76      0.76      7194
weighted avg       0.77      0.78      0.78      7194

2025-03-18 21:23:18,593 - GradientBoostingClassifier_training - INFO - Confusion matrix saved to logs/GradientBoostingClassifier_20250318_212106_confusion_matrix2.png
2025-03-18 21:23:18,594 - GradientBoostingClassifier_training - INFO - Starting fold 3/5
2025-03-18 21:23:18,601 - GradientBoostingClassifier_training - INFO - Fold 3 - Training set: 23020, Validation set: 5755, Test set: 7194
2025-03-18 21:24:22,336 - GradientBoostingClassifier_training - INFO - Fold 3 - Model training completed
2025-03-18 21:24:22,505 - GradientBoostingClassifier_training - INFO - [Validation] Fold 3 - accuracy: 0.7769, precision: 0.7741, recall: 0.7769, f1: 0.7746, auc: 0.9767
2025-03-18 21:24:22,683 - GradientBoostingClassifier_training - INFO - [Test] Fold 3 - accuracy: 0.7795, precision: 0.7746, recall: 0.7795, f1: 0.7763, auc: 0.9773
2025-03-18 21:24:22,761 - GradientBoostingClassifier_training - INFO - Classification Report:
              precision    recall  f1-score   support

           0       0.63      0.66      0.65       916
           1       0.79      0.75      0.77       336
           2       0.64      0.61      0.62       606
           3       0.61      0.60      0.60       369
           4       0.53      0.48      0.51       420
           5       0.60      0.48      0.54       391
           6       0.96      0.99      0.97       594
           7       0.86      0.92      0.89       587
           8       0.92      0.93      0.92       592
           9       0.88      0.91      0.90       595
          10       0.86      0.88      0.87       591
          11       0.83      0.88      0.85       600
          12       0.84      0.84      0.84       597

    accuracy                           0.78      7194
   macro avg       0.77      0.76      0.76      7194
weighted avg       0.77      0.78      0.78      7194

2025-03-18 21:24:22,990 - GradientBoostingClassifier_training - INFO - Confusion matrix saved to logs/GradientBoostingClassifier_20250318_212106_confusion_matrix3.png
2025-03-18 21:24:22,991 - GradientBoostingClassifier_training - INFO - Starting fold 4/5
2025-03-18 21:24:23,001 - GradientBoostingClassifier_training - INFO - Fold 4 - Training set: 23020, Validation set: 5755, Test set: 7194
2025-03-18 21:25:44,667 - GradientBoostingClassifier_training - INFO - Fold 4 - Model training completed
2025-03-18 21:25:44,927 - GradientBoostingClassifier_training - INFO - [Validation] Fold 4 - accuracy: 0.7790, precision: 0.7756, recall: 0.7790, f1: 0.7764, auc: 0.9754
2025-03-18 21:25:45,187 - GradientBoostingClassifier_training - INFO - [Test] Fold 4 - accuracy: 0.7758, precision: 0.7739, recall: 0.7758, f1: 0.7742, auc: 0.9760
2025-03-18 21:25:45,308 - GradientBoostingClassifier_training - INFO - Classification Report:
              precision    recall  f1-score   support

           0       0.62      0.66      0.64       915
           1       0.78      0.71      0.74       336
           2       0.63      0.59      0.61       606
           3       0.60      0.59      0.60       369
           4       0.56      0.59      0.57       420
           5       0.59      0.48      0.53       392
           6       0.97      0.99      0.98       593
           7       0.86      0.91      0.89       588
           8       0.90      0.92      0.91       592
           9       0.90      0.92      0.91       595
          10       0.88      0.85      0.86       591
          11       0.80      0.85      0.82       600
          12       0.87      0.83      0.85       597

    accuracy                           0.78      7194
   macro avg       0.77      0.76      0.76      7194
weighted avg       0.77      0.78      0.77      7194

2025-03-18 21:25:45,788 - GradientBoostingClassifier_training - INFO - Confusion matrix saved to logs/GradientBoostingClassifier_20250318_212106_confusion_matrix4.png
2025-03-18 21:25:45,790 - GradientBoostingClassifier_training - INFO - Starting fold 5/5
2025-03-18 21:25:45,802 - GradientBoostingClassifier_training - INFO - Fold 5 - Training set: 23020, Validation set: 5756, Test set: 7193
2025-03-18 21:27:13,940 - GradientBoostingClassifier_training - INFO - Fold 5 - Model training completed
2025-03-18 21:27:14,229 - GradientBoostingClassifier_training - INFO - [Validation] Fold 5 - accuracy: 0.7834, precision: 0.7803, recall: 0.7834, f1: 0.7812, auc: 0.9767
2025-03-18 21:27:14,507 - GradientBoostingClassifier_training - INFO - [Test] Fold 5 - accuracy: 0.7784, precision: 0.7749, recall: 0.7784, f1: 0.7757, auc: 0.9766
2025-03-18 21:27:14,642 - GradientBoostingClassifier_training - INFO - Classification Report:
              precision    recall  f1-score   support

           0       0.63      0.68      0.65       915
           1       0.75      0.76      0.76       336
           2       0.64      0.60      0.62       605
           3       0.62      0.59      0.60       370
           4       0.56      0.52      0.54       420
           5       0.61      0.48      0.54       391
           6       0.98      0.99      0.99       593
           7       0.84      0.93      0.88       587
           8       0.91      0.91      0.91       593
           9       0.88      0.91      0.89       595
          10       0.87      0.84      0.85       592
          11       0.83      0.86      0.85       599
          12       0.86      0.84      0.85       597

    accuracy                           0.78      7193
   macro avg       0.77      0.76      0.76      7193
weighted avg       0.77      0.78      0.78      7193

2025-03-18 21:27:15,123 - GradientBoostingClassifier_training - INFO - Confusion matrix saved to logs/GradientBoostingClassifier_20250318_212106_confusion_matrix5.png
2025-03-18 21:27:15,124 - GradientBoostingClassifier_training - INFO - [Avg_Validation] Overall - accuracy: 0.7767, precision: 0.7735, recall: 0.7767, f1: 0.7743, auc: 0.9761
2025-03-18 21:27:15,124 - GradientBoostingClassifier_training - INFO - [Avg_Test] Overall - accuracy: 0.7769, precision: 0.7735, recall: 0.7769, f1: 0.7745, auc: 0.9766
2025-03-18 21:27:15,125 - GradientBoostingClassifier_training - INFO - Cross-validation completed
