2025-03-19 01:25:15,536 - StackingClassifier_training - INFO - Starting 5-fold cross validation for StackingClassifier
2025-03-19 01:25:15,538 - StackingClassifier_training - INFO - Data shape - X: (35969, 10), y: 35969
2025-03-19 01:25:15,541 - StackingClassifier_training - INFO - Starting fold 1/5
2025-03-19 01:25:15,551 - StackingClassifier_training - INFO - Fold 1 - Training set: 23020, Validation set: 5755, Test set: 7194
2025-03-19 01:27:48,235 - StackingClassifier_training - INFO - Fold 1 - Model training completed
2025-03-19 01:27:57,649 - StackingClassifier_training - INFO - [Validation] Fold 1 - accuracy: 0.7922, precision: 0.7917, recall: 0.7922, f1: 0.7906, auc: 0.9780
2025-03-19 01:28:08,668 - StackingClassifier_training - INFO - [Test] Fold 1 - accuracy: 0.7862, precision: 0.7851, recall: 0.7862, f1: 0.7849, auc: 0.9772
2025-03-19 01:28:14,448 - StackingClassifier_training - INFO - Classification Report:
              precision    recall  f1-score   support

           0       0.62      0.69      0.65       916
           1       0.80      0.80      0.80       336
           2       0.61      0.64      0.63       605
           3       0.64      0.62      0.63       370
           4       0.57      0.50      0.53       420
           5       0.59      0.48      0.53       391
           6       0.97      0.98      0.98       593
           7       0.90      0.93      0.91       587
           8       0.94      0.91      0.93       592
           9       0.89      0.90      0.89       595
          10       0.85      0.86      0.86       591
          11       0.84      0.86      0.85       600
          12       0.89      0.86      0.88       598

    accuracy                           0.79      7194
   macro avg       0.78      0.77      0.77      7194
weighted avg       0.79      0.79      0.78      7194

2025-03-19 01:28:14,876 - StackingClassifier_training - INFO - Confusion matrix saved to logs/StackingClassifier_20250319_012515_confusion_matrix1.png
2025-03-19 01:28:14,877 - StackingClassifier_training - INFO - Starting fold 2/5
2025-03-19 01:28:14,890 - StackingClassifier_training - INFO - Fold 2 - Training set: 23020, Validation set: 5755, Test set: 7194
2025-03-19 01:30:10,234 - StackingClassifier_training - INFO - Fold 2 - Model training completed
2025-03-19 01:30:18,398 - StackingClassifier_training - INFO - [Validation] Fold 2 - accuracy: 0.7790, precision: 0.7792, recall: 0.7790, f1: 0.7774, auc: 0.9767
2025-03-19 01:30:29,114 - StackingClassifier_training - INFO - [Test] Fold 2 - accuracy: 0.7876, precision: 0.7882, recall: 0.7876, f1: 0.7866, auc: 0.9766
2025-03-19 01:30:34,724 - StackingClassifier_training - INFO - Classification Report:
              precision    recall  f1-score   support

           0       0.61      0.71      0.65       916
           1       0.82      0.78      0.80       336
           2       0.63      0.66      0.64       606
           3       0.64      0.56      0.59       370
           4       0.57      0.53      0.55       419
           5       0.60      0.47      0.52       391
           6       0.98      0.97      0.97       593
           7       0.89      0.91      0.90       587
           8       0.94      0.93      0.93       592
           9       0.88      0.92      0.90       595
          10       0.88      0.87      0.87       591
          11       0.87      0.87      0.87       600
          12       0.87      0.85      0.86       598

    accuracy                           0.79      7194
   macro avg       0.78      0.77      0.77      7194
weighted avg       0.79      0.79      0.79      7194

2025-03-19 01:30:35,033 - StackingClassifier_training - INFO - Confusion matrix saved to logs/StackingClassifier_20250319_012515_confusion_matrix2.png
2025-03-19 01:30:35,034 - StackingClassifier_training - INFO - Starting fold 3/5
2025-03-19 01:30:35,042 - StackingClassifier_training - INFO - Fold 3 - Training set: 23020, Validation set: 5755, Test set: 7194
2025-03-19 01:32:28,647 - StackingClassifier_training - INFO - Fold 3 - Model training completed
2025-03-19 01:32:37,850 - StackingClassifier_training - INFO - [Validation] Fold 3 - accuracy: 0.7847, precision: 0.7860, recall: 0.7847, f1: 0.7838, auc: 0.9765
2025-03-19 01:32:49,111 - StackingClassifier_training - INFO - [Test] Fold 3 - accuracy: 0.7952, precision: 0.7942, recall: 0.7952, f1: 0.7935, auc: 0.9776
2025-03-19 01:32:55,772 - StackingClassifier_training - INFO - Classification Report:
              precision    recall  f1-score   support

           0       0.62      0.71      0.66       916
           1       0.83      0.74      0.78       336
           2       0.64      0.65      0.64       606
           3       0.63      0.60      0.62       369
           4       0.56      0.50      0.53       420
           5       0.64      0.49      0.55       391
           6       0.97      0.99      0.98       594
           7       0.91      0.92      0.91       587
           8       0.93      0.94      0.93       592
           9       0.92      0.92      0.92       595
          10       0.88      0.89      0.89       591
          11       0.87      0.88      0.88       600
          12       0.86      0.88      0.87       597

    accuracy                           0.80      7194
   macro avg       0.79      0.78      0.78      7194
weighted avg       0.79      0.80      0.79      7194

2025-03-19 01:32:56,099 - StackingClassifier_training - INFO - Confusion matrix saved to logs/StackingClassifier_20250319_012515_confusion_matrix3.png
2025-03-19 01:32:56,100 - StackingClassifier_training - INFO - Starting fold 4/5
2025-03-19 01:32:56,111 - StackingClassifier_training - INFO - Fold 4 - Training set: 23020, Validation set: 5755, Test set: 7194
2025-03-19 01:34:51,438 - StackingClassifier_training - INFO - Fold 4 - Model training completed
2025-03-19 01:34:59,677 - StackingClassifier_training - INFO - [Validation] Fold 4 - accuracy: 0.7884, precision: 0.7890, recall: 0.7884, f1: 0.7877, auc: 0.9766
2025-03-19 01:35:09,878 - StackingClassifier_training - INFO - [Test] Fold 4 - accuracy: 0.7868, precision: 0.7878, recall: 0.7868, f1: 0.7861, auc: 0.9768
2025-03-19 01:35:15,053 - StackingClassifier_training - INFO - Classification Report:
              precision    recall  f1-score   support

           0       0.62      0.70      0.65       915
           1       0.83      0.73      0.77       336
           2       0.62      0.62      0.62       606
           3       0.63      0.59      0.61       369
           4       0.57      0.59      0.58       420
           5       0.61      0.47      0.53       392
           6       0.98      0.99      0.98       593
           7       0.89      0.92      0.90       588
           8       0.92      0.93      0.93       592
           9       0.93      0.91      0.92       595
          10       0.88      0.87      0.88       591
          11       0.82      0.86      0.84       600
          12       0.88      0.84      0.86       597

    accuracy                           0.79      7194
   macro avg       0.78      0.77      0.77      7194
weighted avg       0.79      0.79      0.79      7194

2025-03-19 01:35:15,281 - StackingClassifier_training - INFO - Confusion matrix saved to logs/StackingClassifier_20250319_012515_confusion_matrix4.png
2025-03-19 01:35:15,283 - StackingClassifier_training - INFO - Starting fold 5/5
2025-03-19 01:35:15,291 - StackingClassifier_training - INFO - Fold 5 - Training set: 23020, Validation set: 5756, Test set: 7193
2025-03-19 01:37:06,937 - StackingClassifier_training - INFO - Fold 5 - Model training completed
2025-03-19 01:37:15,474 - StackingClassifier_training - INFO - [Validation] Fold 5 - accuracy: 0.7901, precision: 0.7905, recall: 0.7901, f1: 0.7892, auc: 0.9780
2025-03-19 01:37:25,817 - StackingClassifier_training - INFO - [Test] Fold 5 - accuracy: 0.7890, precision: 0.7889, recall: 0.7890, f1: 0.7878, auc: 0.9775
2025-03-19 01:37:30,977 - StackingClassifier_training - INFO - Classification Report:
              precision    recall  f1-score   support

           0       0.62      0.71      0.66       915
           1       0.82      0.79      0.80       336
           2       0.63      0.62      0.62       605
           3       0.63      0.59      0.61       370
           4       0.57      0.54      0.56       420
           5       0.64      0.49      0.55       391
           6       0.99      0.99      0.99       593
           7       0.88      0.93      0.90       587
           8       0.92      0.92      0.92       593
           9       0.91      0.91      0.91       595
          10       0.88      0.86      0.87       592
          11       0.85      0.87      0.86       599
          12       0.87      0.85      0.86       597

    accuracy                           0.79      7193
   macro avg       0.78      0.77      0.78      7193
weighted avg       0.79      0.79      0.79      7193

2025-03-19 01:37:31,210 - StackingClassifier_training - INFO - Confusion matrix saved to logs/StackingClassifier_20250319_012515_confusion_matrix5.png
2025-03-19 01:37:31,211 - StackingClassifier_training - INFO - [Avg_Validation] Overall - accuracy: 0.7869, precision: 0.7873, recall: 0.7869, f1: 0.7857, auc: 0.9772
2025-03-19 01:37:31,211 - StackingClassifier_training - INFO - [Avg_Test] Overall - accuracy: 0.7890, precision: 0.7888, recall: 0.7890, f1: 0.7878, auc: 0.9772
2025-03-19 01:37:31,211 - StackingClassifier_training - INFO - Cross-validation completed
