2025-03-19 01:51:21,954 - VotingClassifier_training - INFO - Starting 5-fold cross validation for VotingClassifier
2025-03-19 01:51:21,965 - VotingClassifier_training - INFO - Data shape - X: (35969, 10), y: 35969
2025-03-19 01:51:21,968 - VotingClassifier_training - INFO - Starting fold 1/5
2025-03-19 01:51:21,978 - VotingClassifier_training - INFO - Fold 1 - Training set: 23020, Validation set: 5755, Test set: 7194
2025-03-19 01:52:23,836 - VotingClassifier_training - INFO - Fold 1 - Model training completed
2025-03-19 01:52:23,995 - VotingClassifier_training - INFO - [Validation] Fold 1 - accuracy: 0.7791, precision: 0.7787, recall: 0.7791, f1: 0.7756
2025-03-19 01:52:24,163 - VotingClassifier_training - INFO - [Test] Fold 1 - accuracy: 0.7790, precision: 0.7780, recall: 0.7790, f1: 0.7761
2025-03-19 01:52:24,315 - VotingClassifier_training - INFO - Classification Report:
              precision    recall  f1-score   support

           0       0.61      0.69      0.65       916
           1       0.78      0.82      0.80       336
           2       0.60      0.67      0.63       605
           3       0.63      0.61      0.62       370
           4       0.61      0.42      0.49       420
           5       0.60      0.46      0.52       391
           6       0.97      0.98      0.98       593
           7       0.86      0.94      0.90       587
           8       0.92      0.93      0.92       592
           9       0.87      0.91      0.89       595
          10       0.85      0.84      0.84       591
          11       0.86      0.83      0.84       600
          12       0.90      0.82      0.86       598

    accuracy                           0.78      7194
   macro avg       0.77      0.76      0.76      7194
weighted avg       0.78      0.78      0.78      7194

2025-03-19 01:52:24,623 - VotingClassifier_training - INFO - Confusion matrix saved to logs/VotingClassifier_20250319_015121_confusion_matrix1.png
2025-03-19 01:52:24,624 - VotingClassifier_training - INFO - Starting fold 2/5
2025-03-19 01:52:24,632 - VotingClassifier_training - INFO - Fold 2 - Training set: 23020, Validation set: 5755, Test set: 7194
2025-03-19 01:53:24,133 - VotingClassifier_training - INFO - Fold 2 - Model training completed
2025-03-19 01:53:24,334 - VotingClassifier_training - INFO - [Validation] Fold 2 - accuracy: 0.7732, precision: 0.7736, recall: 0.7732, f1: 0.7701
2025-03-19 01:53:24,517 - VotingClassifier_training - INFO - [Test] Fold 2 - accuracy: 0.7844, precision: 0.7858, recall: 0.7844, f1: 0.7815
2025-03-19 01:53:24,715 - VotingClassifier_training - INFO - Classification Report:
              precision    recall  f1-score   support

           0       0.59      0.73      0.65       916
           1       0.75      0.76      0.76       336
           2       0.61      0.67      0.64       606
           3       0.64      0.55      0.59       370
           4       0.63      0.46      0.53       419
           5       0.64      0.42      0.51       391
           6       0.99      0.97      0.98       593
           7       0.86      0.94      0.90       587
           8       0.91      0.94      0.92       592
           9       0.88      0.92      0.90       595
          10       0.89      0.87      0.88       591
          11       0.88      0.86      0.87       600
          12       0.89      0.83      0.86       598

    accuracy                           0.78      7194
   macro avg       0.78      0.76      0.77      7194
weighted avg       0.79      0.78      0.78      7194

2025-03-19 01:53:25,009 - VotingClassifier_training - INFO - Confusion matrix saved to logs/VotingClassifier_20250319_015121_confusion_matrix2.png
2025-03-19 01:53:25,010 - VotingClassifier_training - INFO - Starting fold 3/5
2025-03-19 01:53:25,018 - VotingClassifier_training - INFO - Fold 3 - Training set: 23020, Validation set: 5755, Test set: 7194
2025-03-19 01:54:25,270 - VotingClassifier_training - INFO - Fold 3 - Model training completed
2025-03-19 01:54:25,451 - VotingClassifier_training - INFO - [Validation] Fold 3 - accuracy: 0.7791, precision: 0.7801, recall: 0.7791, f1: 0.7769
2025-03-19 01:54:25,619 - VotingClassifier_training - INFO - [Test] Fold 3 - accuracy: 0.7876, precision: 0.7863, recall: 0.7876, f1: 0.7842
2025-03-19 01:54:25,800 - VotingClassifier_training - INFO - Classification Report:
              precision    recall  f1-score   support

           0       0.60      0.73      0.66       916
           1       0.78      0.76      0.77       336
           2       0.63      0.65      0.64       606
           3       0.63      0.59      0.61       369
           4       0.58      0.44      0.50       420
           5       0.66      0.44      0.52       391
           6       0.97      0.99      0.98       594
           7       0.86      0.92      0.89       587
           8       0.92      0.95      0.93       592
           9       0.90      0.92      0.91       595
          10       0.88      0.88      0.88       591
          11       0.88      0.86      0.87       600
          12       0.87      0.83      0.85       597

    accuracy                           0.79      7194
   macro avg       0.78      0.77      0.77      7194
weighted avg       0.79      0.79      0.78      7194

2025-03-19 01:54:26,101 - VotingClassifier_training - INFO - Confusion matrix saved to logs/VotingClassifier_20250319_015121_confusion_matrix3.png
2025-03-19 01:54:26,102 - VotingClassifier_training - INFO - Starting fold 4/5
2025-03-19 01:54:26,111 - VotingClassifier_training - INFO - Fold 4 - Training set: 23020, Validation set: 5755, Test set: 7194
2025-03-19 01:55:27,191 - VotingClassifier_training - INFO - Fold 4 - Model training completed
2025-03-19 01:55:27,354 - VotingClassifier_training - INFO - [Validation] Fold 4 - accuracy: 0.7861, precision: 0.7879, recall: 0.7861, f1: 0.7839
2025-03-19 01:55:27,582 - VotingClassifier_training - INFO - [Test] Fold 4 - accuracy: 0.7781, precision: 0.7788, recall: 0.7781, f1: 0.7766
2025-03-19 01:55:27,835 - VotingClassifier_training - INFO - Classification Report:
              precision    recall  f1-score   support

           0       0.59      0.71      0.64       915
           1       0.79      0.72      0.75       336
           2       0.59      0.62      0.61       606
           3       0.62      0.57      0.60       369
           4       0.59      0.51      0.55       420
           5       0.61      0.45      0.51       392
           6       0.98      0.99      0.98       593
           7       0.87      0.93      0.90       588
           8       0.90      0.93      0.91       592
           9       0.91      0.92      0.92       595
          10       0.88      0.86      0.87       591
          11       0.83      0.84      0.83       600
          12       0.90      0.82      0.86       597

    accuracy                           0.78      7194
   macro avg       0.77      0.76      0.76      7194
weighted avg       0.78      0.78      0.78      7194

2025-03-19 01:55:28,129 - VotingClassifier_training - INFO - Confusion matrix saved to logs/VotingClassifier_20250319_015121_confusion_matrix4.png
2025-03-19 01:55:28,130 - VotingClassifier_training - INFO - Starting fold 5/5
2025-03-19 01:55:28,138 - VotingClassifier_training - INFO - Fold 5 - Training set: 23020, Validation set: 5756, Test set: 7193
2025-03-19 01:56:28,814 - VotingClassifier_training - INFO - Fold 5 - Model training completed
2025-03-19 01:56:28,970 - VotingClassifier_training - INFO - [Validation] Fold 5 - accuracy: 0.7891, precision: 0.7887, recall: 0.7891, f1: 0.7866
2025-03-19 01:56:29,178 - VotingClassifier_training - INFO - [Test] Fold 5 - accuracy: 0.7801, precision: 0.7797, recall: 0.7801, f1: 0.7771
2025-03-19 01:56:29,367 - VotingClassifier_training - INFO - Classification Report:
              precision    recall  f1-score   support

           0       0.59      0.72      0.65       915
           1       0.74      0.79      0.77       336
           2       0.63      0.61      0.62       605
           3       0.63      0.58      0.61       370
           4       0.58      0.47      0.52       420
           5       0.63      0.43      0.51       391
           6       0.98      0.99      0.99       593
           7       0.85      0.95      0.90       587
           8       0.91      0.92      0.92       593
           9       0.87      0.92      0.89       595
          10       0.89      0.84      0.87       592
          11       0.86      0.86      0.86       599
          12       0.89      0.80      0.84       597

    accuracy                           0.78      7193
   macro avg       0.77      0.76      0.76      7193
weighted avg       0.78      0.78      0.78      7193

2025-03-19 01:56:29,640 - VotingClassifier_training - INFO - Confusion matrix saved to logs/VotingClassifier_20250319_015121_confusion_matrix5.png
2025-03-19 01:56:29,642 - VotingClassifier_training - INFO - [Avg_Validation] Overall - accuracy: 0.7813, precision: 0.7818, recall: 0.7813, f1: 0.7786, auc: nan
2025-03-19 01:56:29,643 - VotingClassifier_training - INFO - [Avg_Test] Overall - accuracy: 0.7818, precision: 0.7817, recall: 0.7818, f1: 0.7791, auc: nan
2025-03-19 01:56:29,643 - VotingClassifier_training - INFO - Cross-validation completed
