2025-03-19 01:17:16,473 - VotingClassifier_training - INFO - Starting 5-fold cross validation for VotingClassifier
2025-03-19 01:17:16,473 - VotingClassifier_training - INFO - Data shape - X: (35969, 10), y: 35969
2025-03-19 01:17:16,478 - VotingClassifier_training - INFO - Starting fold 1/5
2025-03-19 01:17:16,485 - VotingClassifier_training - INFO - Fold 1 - Training set: 23020, Validation set: 5755, Test set: 7194
2025-03-19 01:18:41,999 - VotingClassifier_training - INFO - Fold 1 - Model training completed
2025-03-19 01:18:42,231 - VotingClassifier_training - INFO - [Validation] Fold 1 - accuracy: 0.7788, precision: 0.7779, recall: 0.7788, f1: 0.7753
2025-03-19 01:18:42,475 - VotingClassifier_training - INFO - [Test] Fold 1 - accuracy: 0.7770, precision: 0.7762, recall: 0.7770, f1: 0.7740
2025-03-19 01:18:42,800 - VotingClassifier_training - INFO - Classification Report:
              precision    recall  f1-score   support

           0       0.60      0.69      0.64       916
           1       0.78      0.81      0.79       336
           2       0.59      0.67      0.63       605
           3       0.62      0.62      0.62       370
           4       0.60      0.40      0.48       420
           5       0.60      0.46      0.52       391
           6       0.97      0.99      0.98       593
           7       0.86      0.94      0.90       587
           8       0.92      0.93      0.92       592
           9       0.87      0.91      0.89       595
          10       0.84      0.84      0.84       591
          11       0.86      0.82      0.84       600
          12       0.90      0.82      0.86       598

    accuracy                           0.78      7194
   macro avg       0.77      0.76      0.76      7194
weighted avg       0.78      0.78      0.77      7194

2025-03-19 01:18:43,543 - VotingClassifier_training - INFO - Confusion matrix saved to logs/VotingClassifier_20250319_011716_confusion_matrix1.png
2025-03-19 01:18:43,545 - VotingClassifier_training - INFO - Starting fold 2/5
2025-03-19 01:18:43,557 - VotingClassifier_training - INFO - Fold 2 - Training set: 23020, Validation set: 5755, Test set: 7194
2025-03-19 01:20:10,387 - VotingClassifier_training - INFO - Fold 2 - Model training completed
2025-03-19 01:20:10,601 - VotingClassifier_training - INFO - [Validation] Fold 2 - accuracy: 0.7729, precision: 0.7731, recall: 0.7729, f1: 0.7697
2025-03-19 01:20:10,874 - VotingClassifier_training - INFO - [Test] Fold 2 - accuracy: 0.7820, precision: 0.7830, recall: 0.7820, f1: 0.7789
2025-03-19 01:20:11,134 - VotingClassifier_training - INFO - Classification Report:
              precision    recall  f1-score   support

           0       0.59      0.73      0.65       916
           1       0.75      0.77      0.76       336
           2       0.61      0.67      0.64       606
           3       0.62      0.54      0.58       370
           4       0.61      0.45      0.52       419
           5       0.63      0.41      0.50       391
           6       0.99      0.97      0.98       593
           7       0.86      0.93      0.89       587
           8       0.91      0.94      0.92       592
           9       0.87      0.93      0.90       595
          10       0.89      0.86      0.88       591
          11       0.88      0.86      0.87       600
          12       0.89      0.82      0.86       598

    accuracy                           0.78      7194
   macro avg       0.78      0.76      0.76      7194
weighted avg       0.78      0.78      0.78      7194

2025-03-19 01:20:11,558 - VotingClassifier_training - INFO - Confusion matrix saved to logs/VotingClassifier_20250319_011716_confusion_matrix2.png
2025-03-19 01:20:11,559 - VotingClassifier_training - INFO - Starting fold 3/5
2025-03-19 01:20:11,571 - VotingClassifier_training - INFO - Fold 3 - Training set: 23020, Validation set: 5755, Test set: 7194
2025-03-19 01:21:38,936 - VotingClassifier_training - INFO - Fold 3 - Model training completed
2025-03-19 01:21:39,196 - VotingClassifier_training - INFO - [Validation] Fold 3 - accuracy: 0.7805, precision: 0.7815, recall: 0.7805, f1: 0.7782
2025-03-19 01:21:39,478 - VotingClassifier_training - INFO - [Test] Fold 3 - accuracy: 0.7855, precision: 0.7839, recall: 0.7855, f1: 0.7821
2025-03-19 01:21:39,742 - VotingClassifier_training - INFO - Classification Report:
              precision    recall  f1-score   support

           0       0.60      0.72      0.65       916
           1       0.78      0.75      0.77       336
           2       0.63      0.65      0.64       606
           3       0.61      0.59      0.60       369
           4       0.59      0.44      0.50       420
           5       0.64      0.44      0.52       391
           6       0.97      0.99      0.98       594
           7       0.87      0.93      0.90       587
           8       0.91      0.94      0.93       592
           9       0.90      0.92      0.91       595
          10       0.88      0.88      0.88       591
          11       0.88      0.86      0.87       600
          12       0.87      0.83      0.85       597

    accuracy                           0.79      7194
   macro avg       0.78      0.77      0.77      7194
weighted avg       0.78      0.79      0.78      7194

2025-03-19 01:21:40,268 - VotingClassifier_training - INFO - Confusion matrix saved to logs/VotingClassifier_20250319_011716_confusion_matrix3.png
2025-03-19 01:21:40,270 - VotingClassifier_training - INFO - Starting fold 4/5
2025-03-19 01:21:40,290 - VotingClassifier_training - INFO - Fold 4 - Training set: 23020, Validation set: 5755, Test set: 7194
2025-03-19 01:23:07,862 - VotingClassifier_training - INFO - Fold 4 - Model training completed
2025-03-19 01:23:08,052 - VotingClassifier_training - INFO - [Validation] Fold 4 - accuracy: 0.7858, precision: 0.7869, recall: 0.7858, f1: 0.7830
2025-03-19 01:23:08,312 - VotingClassifier_training - INFO - [Test] Fold 4 - accuracy: 0.7805, precision: 0.7809, recall: 0.7805, f1: 0.7788
2025-03-19 01:23:08,563 - VotingClassifier_training - INFO - Classification Report:
              precision    recall  f1-score   support

           0       0.60      0.71      0.65       915
           1       0.79      0.73      0.76       336
           2       0.60      0.61      0.61       606
           3       0.61      0.58      0.59       369
           4       0.60      0.53      0.57       420
           5       0.62      0.45      0.52       392
           6       0.98      0.99      0.98       593
           7       0.86      0.93      0.89       588
           8       0.90      0.93      0.92       592
           9       0.91      0.93      0.92       595
          10       0.88      0.86      0.87       591
          11       0.83      0.84      0.83       600
          12       0.90      0.82      0.86       597

    accuracy                           0.78      7194
   macro avg       0.78      0.76      0.77      7194
weighted avg       0.78      0.78      0.78      7194

2025-03-19 01:23:08,869 - VotingClassifier_training - INFO - Confusion matrix saved to logs/VotingClassifier_20250319_011716_confusion_matrix4.png
2025-03-19 01:23:08,870 - VotingClassifier_training - INFO - Starting fold 5/5
2025-03-19 01:23:08,881 - VotingClassifier_training - INFO - Fold 5 - Training set: 23020, Validation set: 5756, Test set: 7193
2025-03-19 01:24:22,289 - VotingClassifier_training - INFO - Fold 5 - Model training completed
2025-03-19 01:24:22,506 - VotingClassifier_training - INFO - [Validation] Fold 5 - accuracy: 0.7900, precision: 0.7899, recall: 0.7900, f1: 0.7876
2025-03-19 01:24:22,790 - VotingClassifier_training - INFO - [Test] Fold 5 - accuracy: 0.7812, precision: 0.7809, recall: 0.7812, f1: 0.7782
2025-03-19 01:24:23,029 - VotingClassifier_training - INFO - Classification Report:
              precision    recall  f1-score   support

           0       0.59      0.72      0.65       915
           1       0.73      0.80      0.76       336
           2       0.62      0.62      0.62       605
           3       0.64      0.57      0.60       370
           4       0.58      0.45      0.51       420
           5       0.65      0.45      0.53       391
           6       0.98      0.99      0.99       593
           7       0.85      0.95      0.90       587
           8       0.91      0.93      0.92       593
           9       0.88      0.91      0.90       595
          10       0.89      0.85      0.87       592
          11       0.86      0.85      0.86       599
          12       0.89      0.82      0.85       597

    accuracy                           0.78      7193
   macro avg       0.78      0.76      0.77      7193
weighted avg       0.78      0.78      0.78      7193

2025-03-19 01:24:23,329 - VotingClassifier_training - INFO - Confusion matrix saved to logs/VotingClassifier_20250319_011716_confusion_matrix5.png
2025-03-19 01:24:23,407 - VotingClassifier_training - INFO - [Avg_Validation] Overall - accuracy: 0.7816, precision: 0.7819, recall: 0.7816, f1: 0.7788, auc: nan
2025-03-19 01:24:23,407 - VotingClassifier_training - INFO - [Avg_Test] Overall - accuracy: 0.7813, precision: 0.7810, recall: 0.7813, f1: 0.7784, auc: nan
2025-03-19 01:24:23,408 - VotingClassifier_training - INFO - Cross-validation completed
