2025-03-18 21:27:59,757 - XGBClassifier_training - INFO - Starting 5-fold cross validation for XGBClassifier
2025-03-18 21:27:59,758 - XGBClassifier_training - INFO - Data shape - X: (35969, 10), y: 35969
2025-03-18 21:27:59,762 - XGBClassifier_training - INFO - Starting fold 1/5
2025-03-18 21:27:59,770 - XGBClassifier_training - INFO - Fold 1 - Training set: 23020, Validation set: 5755, Test set: 7194
2025-03-18 21:28:01,854 - XGBClassifier_training - INFO - Fold 1 - Model training completed
2025-03-18 21:28:01,966 - XGBClassifier_training - INFO - [Validation] Fold 1 - accuracy: 0.7798, precision: 0.7769, recall: 0.7798, f1: 0.7782, auc: 0.9771
2025-03-18 21:28:02,104 - XGBClassifier_training - INFO - [Test] Fold 1 - accuracy: 0.7800, precision: 0.7778, recall: 0.7800, f1: 0.7786, auc: 0.9773
2025-03-18 21:28:02,160 - XGBClassifier_training - INFO - Classification Report:
              precision    recall  f1-score   support

           0       0.63      0.63      0.63       916
           1       0.81      0.79      0.80       336
           2       0.60      0.63      0.61       605
           3       0.58      0.62      0.60       370
           4       0.54      0.48      0.51       420
           5       0.55      0.50      0.53       391
           6       0.97      0.99      0.98       593
           7       0.89      0.94      0.91       587
           8       0.94      0.93      0.93       592
           9       0.88      0.90      0.89       595
          10       0.85      0.85      0.85       591
          11       0.85      0.86      0.86       600
          12       0.89      0.88      0.88       598

    accuracy                           0.78      7194
   macro avg       0.77      0.77      0.77      7194
weighted avg       0.78      0.78      0.78      7194

2025-03-18 21:28:02,662 - XGBClassifier_training - INFO - Confusion matrix saved to logs/XGBClassifier_20250318_212759_confusion_matrix1.png
2025-03-18 21:28:02,663 - XGBClassifier_training - INFO - Starting fold 2/5
2025-03-18 21:28:02,674 - XGBClassifier_training - INFO - Fold 2 - Training set: 23020, Validation set: 5755, Test set: 7194
2025-03-18 21:28:05,210 - XGBClassifier_training - INFO - Fold 2 - Model training completed
2025-03-18 21:28:05,344 - XGBClassifier_training - INFO - [Validation] Fold 2 - accuracy: 0.7682, precision: 0.7664, recall: 0.7682, f1: 0.7666, auc: 0.9759
2025-03-18 21:28:05,487 - XGBClassifier_training - INFO - [Test] Fold 2 - accuracy: 0.7747, precision: 0.7726, recall: 0.7747, f1: 0.7731, auc: 0.9770
2025-03-18 21:28:05,548 - XGBClassifier_training - INFO - Classification Report:
              precision    recall  f1-score   support

           0       0.59      0.65      0.62       916
           1       0.81      0.77      0.79       336
           2       0.60      0.59      0.60       606
           3       0.60      0.54      0.57       370
           4       0.55      0.52      0.53       419
           5       0.51      0.43      0.47       391
           6       0.97      0.97      0.97       593
           7       0.89      0.92      0.90       587
           8       0.93      0.92      0.93       592
           9       0.88      0.91      0.90       595
          10       0.88      0.87      0.88       591
          11       0.85      0.88      0.86       600
          12       0.86      0.87      0.87       598

    accuracy                           0.77      7194
   macro avg       0.76      0.76      0.76      7194
weighted avg       0.77      0.77      0.77      7194

2025-03-18 21:28:06,030 - XGBClassifier_training - INFO - Confusion matrix saved to logs/XGBClassifier_20250318_212759_confusion_matrix2.png
2025-03-18 21:28:06,031 - XGBClassifier_training - INFO - Starting fold 3/5
2025-03-18 21:28:06,042 - XGBClassifier_training - INFO - Fold 3 - Training set: 23020, Validation set: 5755, Test set: 7194
2025-03-18 21:28:08,559 - XGBClassifier_training - INFO - Fold 3 - Model training completed
2025-03-18 21:28:08,692 - XGBClassifier_training - INFO - [Validation] Fold 3 - accuracy: 0.7765, precision: 0.7746, recall: 0.7765, f1: 0.7751, auc: 0.9769
2025-03-18 21:28:08,838 - XGBClassifier_training - INFO - [Test] Fold 3 - accuracy: 0.7838, precision: 0.7805, recall: 0.7838, f1: 0.7817, auc: 0.9779
2025-03-18 21:28:08,893 - XGBClassifier_training - INFO - Classification Report:
              precision    recall  f1-score   support

           0       0.62      0.66      0.64       916
           1       0.82      0.75      0.78       336
           2       0.62      0.60      0.61       606
           3       0.61      0.60      0.61       369
           4       0.51      0.47      0.49       420
           5       0.54      0.45      0.49       391
           6       0.97      0.99      0.98       594
           7       0.89      0.93      0.91       587
           8       0.94      0.94      0.94       592
           9       0.91      0.91      0.91       595
          10       0.88      0.90      0.89       591
          11       0.88      0.89      0.89       600
          12       0.85      0.87      0.86       597

    accuracy                           0.78      7194
   macro avg       0.77      0.77      0.77      7194
weighted avg       0.78      0.78      0.78      7194

2025-03-18 21:28:09,357 - XGBClassifier_training - INFO - Confusion matrix saved to logs/XGBClassifier_20250318_212759_confusion_matrix3.png
2025-03-18 21:28:09,358 - XGBClassifier_training - INFO - Starting fold 4/5
2025-03-18 21:28:09,373 - XGBClassifier_training - INFO - Fold 4 - Training set: 23020, Validation set: 5755, Test set: 7194
2025-03-18 21:28:11,847 - XGBClassifier_training - INFO - Fold 4 - Model training completed
2025-03-18 21:28:11,962 - XGBClassifier_training - INFO - [Validation] Fold 4 - accuracy: 0.7764, precision: 0.7739, recall: 0.7764, f1: 0.7748, auc: 0.9762
2025-03-18 21:28:12,090 - XGBClassifier_training - INFO - [Test] Fold 4 - accuracy: 0.7787, precision: 0.7776, recall: 0.7787, f1: 0.7779, auc: 0.9763
2025-03-18 21:28:12,159 - XGBClassifier_training - INFO - Classification Report:
              precision    recall  f1-score   support

           0       0.62      0.64      0.63       915
           1       0.82      0.74      0.77       336
           2       0.59      0.58      0.58       606
           3       0.59      0.58      0.58       369
           4       0.55      0.55      0.55       420
           5       0.53      0.48      0.50       392
           6       0.97      0.99      0.98       593
           7       0.90      0.94      0.92       588
           8       0.92      0.92      0.92       592
           9       0.93      0.91      0.92       595
          10       0.87      0.89      0.88       591
          11       0.82      0.86      0.84       600
          12       0.88      0.86      0.87       597

    accuracy                           0.78      7194
   macro avg       0.77      0.76      0.77      7194
weighted avg       0.78      0.78      0.78      7194

2025-03-18 21:28:12,633 - XGBClassifier_training - INFO - Confusion matrix saved to logs/XGBClassifier_20250318_212759_confusion_matrix4.png
2025-03-18 21:28:12,634 - XGBClassifier_training - INFO - Starting fold 5/5
2025-03-18 21:28:12,646 - XGBClassifier_training - INFO - Fold 5 - Training set: 23020, Validation set: 5756, Test set: 7193
2025-03-18 21:28:15,917 - XGBClassifier_training - INFO - Fold 5 - Model training completed
2025-03-18 21:28:16,057 - XGBClassifier_training - INFO - [Validation] Fold 5 - accuracy: 0.7816, precision: 0.7804, recall: 0.7816, f1: 0.7806, auc: 0.9772
2025-03-18 21:28:16,211 - XGBClassifier_training - INFO - [Test] Fold 5 - accuracy: 0.7770, precision: 0.7739, recall: 0.7770, f1: 0.7750, auc: 0.9771
2025-03-18 21:28:16,283 - XGBClassifier_training - INFO - Classification Report:
              precision    recall  f1-score   support

           0       0.62      0.65      0.64       915
           1       0.80      0.78      0.79       336
           2       0.62      0.58      0.60       605
           3       0.61      0.59      0.60       370
           4       0.52      0.52      0.52       420
           5       0.53      0.45      0.49       391
           6       0.98      0.99      0.99       593
           7       0.87      0.93      0.90       587
           8       0.93      0.93      0.93       593
           9       0.88      0.90      0.89       595
          10       0.86      0.85      0.85       592
          11       0.85      0.88      0.87       599
          12       0.86      0.86      0.86       597

    accuracy                           0.78      7193
   macro avg       0.76      0.76      0.76      7193
weighted avg       0.77      0.78      0.78      7193

2025-03-18 21:28:16,793 - XGBClassifier_training - INFO - Confusion matrix saved to logs/XGBClassifier_20250318_212759_confusion_matrix5.png
2025-03-18 21:28:16,794 - XGBClassifier_training - INFO - [Avg_Validation] Overall - accuracy: 0.7765, precision: 0.7744, recall: 0.7765, f1: 0.7750, auc: 0.9767
2025-03-18 21:28:16,795 - XGBClassifier_training - INFO - [Avg_Test] Overall - accuracy: 0.7788, precision: 0.7765, recall: 0.7788, f1: 0.7773, auc: 0.9771
2025-03-18 21:28:16,795 - XGBClassifier_training - INFO - Cross-validation completed
